<?xml version="1.0" encoding="UTF-8"?>
<testng-results ignored="0" total="1" passed="1" failed="0" skipped="0">
  <reporter-output>
  </reporter-output>
  <suite started-at="2024-09-02T22:47:14 IDT" name="Default suite" finished-at="2024-09-02T22:47:30 IDT" duration-ms="15850">
    <groups>
    </groups>
    <test started-at="2024-09-02T22:47:14 IDT" name="Default test" finished-at="2024-09-02T22:47:30 IDT" duration-ms="15850">
      <class name="LinkedInLogIn.LogInTest">
        <test-method is-config="true" signature="setUp()[pri:0, instance:LinkedInLogIn.LogInTest@25df00a0]" started-at="2024-09-02T22:47:14 IDT" name="setUp" finished-at="2024-09-02T22:47:18 IDT" duration-ms="4422" status="PASS">
          <reporter-output>
          </reporter-output>
        </test-method> <!-- setUp -->
        <test-method signature="verifyUserCanLogInWithValidCredentials()[pri:0, instance:LinkedInLogIn.LogInTest@25df00a0]" started-at="2024-09-02T22:47:18 IDT" name="verifyUserCanLogInWithValidCredentials" finished-at="2024-09-02T22:47:29 IDT" duration-ms="10691" status="PASS">
          <reporter-output>
          </reporter-output>
        </test-method> <!-- verifyUserCanLogInWithValidCredentials -->
        <test-method is-config="true" signature="tearDown()[pri:0, instance:LinkedInLogIn.LogInTest@25df00a0]" started-at="2024-09-02T22:47:29 IDT" name="tearDown" finished-at="2024-09-02T22:47:30 IDT" duration-ms="690" status="PASS">
          <reporter-output>
          </reporter-output>
        </test-method> <!-- tearDown -->
      </class> <!-- LinkedInLogIn.LogInTest -->
    </test> <!-- Default test -->
  </suite> <!-- Default suite -->
</testng-results>
